\BOOKMARK [0][-]{chapter.1}{Wstep}{}% 1
\BOOKMARK [1][-]{section.1.1}{Rekomendacje artyku\233\363w tekstowych w Allegro}{chapter.1}% 2
\BOOKMARK [1][-]{section.1.2}{Struktura pracy}{chapter.1}% 3
\BOOKMARK [1][-]{section.1.3}{Uwagi}{chapter.1}% 4
\BOOKMARK [0][-]{chapter.2}{Przeglad wiedzy z zakresu tematyki pracy}{}% 5
\BOOKMARK [1][-]{section.2.1}{Systemy rekomendacji}{chapter.2}% 6
\BOOKMARK [2][-]{subsection.2.1.1}{Filtrowanie kolaboratywne \(collaborative filtering\)}{section.2.1}% 7
\BOOKMARK [2][-]{subsection.2.1.2}{Filtrowanie oparte na tresci \(content-based filtering\)}{section.2.1}% 8
\BOOKMARK [1][-]{section.2.2}{Silnik Elasticsearch}{chapter.2}% 9
\BOOKMARK [1][-]{section.2.3}{Techniki przetwarzania jezyka naturalnego}{chapter.2}% 10
\BOOKMARK [2][-]{subsection.2.3.1}{Bag-of-words}{section.2.3}% 11
\BOOKMARK [2][-]{subsection.2.3.2}{Term frequency - inverted document frequency}{section.2.3}% 12
\BOOKMARK [2][-]{subsection.2.3.3}{Distributional semantics}{section.2.3}% 13
\BOOKMARK [2][-]{subsection.2.3.4}{Latent Semantic Analysis}{section.2.3}% 14
\BOOKMARK [2][-]{subsection.2.3.5}{Latent Dirichlet Allocation}{section.2.3}% 15
\BOOKMARK [2][-]{subsection.2.3.6}{Word embeddings}{section.2.3}% 16
\BOOKMARK [2][-]{subsection.2.3.7}{Podejscia deep learningowe}{section.2.3}% 17
\BOOKMARK [2][-]{subsection.2.3.8}{Word2vec}{section.2.3}% 18
\BOOKMARK [2][-]{subsection.2.3.9}{FastText}{section.2.3}% 19
\BOOKMARK [2][-]{subsection.2.3.10}{GloVe}{section.2.3}% 20
\BOOKMARK [2][-]{subsection.2.3.11}{Odleg\233osc miedzy dokumentami}{section.2.3}% 21
\BOOKMARK [1][-]{section.2.4}{Miary oceny wyszukiwania}{chapter.2}% 22
\BOOKMARK [2][-]{subsection.2.4.1}{nDCG}{section.2.4}% 23
\BOOKMARK [0][-]{chapter.3}{Dane}{}% 24
\BOOKMARK [1][-]{section.3.1}{Opis danych}{chapter.3}% 25
\BOOKMARK [2][-]{subsection.3.1.1}{Tresc artyku\233u}{section.3.1}% 26
\BOOKMARK [2][-]{subsection.3.1.2}{Kategoria}{section.3.1}% 27
\BOOKMARK [2][-]{subsection.3.1.3}{S\233owa kluczowe}{section.3.1}% 28
\BOOKMARK [1][-]{section.3.2}{Wstepne przetwarzanie danych}{chapter.3}% 29
\BOOKMARK [1][-]{section.3.3}{Opis danych po wstepnym przetwarzaniu}{chapter.3}% 30
\BOOKMARK [0][-]{chapter.4}{Metody ewaluacji}{}% 31
\BOOKMARK [1][-]{section.4.1}{Miara 1: Dystans oparty na metadanych}{chapter.4}% 32
\BOOKMARK [2][-]{subsection.4.1.1}{Kategorie}{section.4.1}% 33
\BOOKMARK [2][-]{subsection.4.1.2}{S\233owa kluczowe}{section.4.1}% 34
\BOOKMARK [1][-]{section.4.2}{Miara 2: Ocena przez uzytkownik\363w offline}{chapter.4}% 35
\BOOKMARK [1][-]{section.4.3}{Miara 3: Historyczna aktywnosc uzytkownik\363w serwisu}{chapter.4}% 36
\BOOKMARK [0][-]{chapter.5}{Opis test\363w}{}% 37
\BOOKMARK [1][-]{section.5.1}{Testowane metody generowania rekomendacji}{chapter.5}% 38
\BOOKMARK [2][-]{subsection.5.1.1}{Latent Semantic Indexing}{section.5.1}% 39
\BOOKMARK [2][-]{subsection.5.1.2}{Latent Dirichlet Allocation}{section.5.1}% 40
\BOOKMARK [2][-]{subsection.5.1.3}{Word embedding}{section.5.1}% 41
\BOOKMARK [2][-]{subsection.5.1.4}{Elasticsearch}{section.5.1}% 42
\BOOKMARK [2][-]{subsection.5.1.5}{Metoda losowa}{section.5.1}% 43
\BOOKMARK [1][-]{section.5.2}{Metody ewaluacji}{chapter.5}% 44
\BOOKMARK [1][-]{section.5.3}{Metodologia}{chapter.5}% 45
\BOOKMARK [0][-]{chapter.6}{Wyniki badan}{}% 46
\BOOKMARK [1][-]{subsection.6.0.1}{Model LDA}{chapter.6}% 47
\BOOKMARK [1][-]{section.6.1}{Wyniki badan}{chapter.6}% 48
\BOOKMARK [2][-]{subsection.6.1.1}{Efektywnosc czasowa}{section.6.1}% 49
\BOOKMARK [0][-]{chapter.7}{Podsumowanie}{}% 50
\BOOKMARK [0][-]{appendix.A}{Technologie i narzedzie}{}% 51
